<?xml version="1.0" encoding="UTF-8"?>
<!-- Generated by org.testng.reporters.JUnitReportReporter -->
<testsuite hostname="ICPL10451" name="TestJenkins.Jenkins.NewTest" tests="1" failures="0" timestamp="2 Dec 2016 06:03:13 GMT" time="0.013" errors="0">
  <testcase name="f" time="0.013" classname="TestJenkins.Jenkins.NewTest"/>
</testsuite> <!-- TestJenkins.Jenkins.NewTest -->
