<?xml version="1.0" encoding="UTF-8"?>
<!-- Generated by org.testng.reporters.JUnitReportReporter -->
<testsuite hostname="ICPL10451" name="pageTests.TestMethod" tests="4" failures="0" timestamp="5 Dec 2016 09:51:37 GMT" time="21.822" errors="0">
  <testcase name="RetrieveCompanyData" time="0.148" classname="pageTests.TestMethod"/>
  <testcase name="SearchCompany" time="12.452" classname="pageTests.TestMethod"/>
  <testcase name="SearchCompany" time="9.063" classname="pageTests.TestMethod"/>
  <testcase name="RetrieveCompanyData" time="0.159" classname="pageTests.TestMethod"/>
</testsuite> <!-- pageTests.TestMethod -->
