<?xml version="1.0" encoding="UTF-8"?>
<!-- Generated by org.testng.reporters.JUnitReportReporter -->
<testsuite hostname="ICPL10451" name="pageTests.TestMethod" tests="2" failures="0" timestamp="5 Dec 2016 05:53:20 GMT" time="16.150" errors="0">
  <testcase name="RetrieveCompanyData" time="0.128" classname="pageTests.TestMethod"/>
  <testcase name="SearchCompany" time="16.022" classname="pageTests.TestMethod"/>
</testsuite> <!-- pageTests.TestMethod -->
